0 info it worked if it ends with ok
1 verbose cli [ '/usr/local/opt/nvm/versions/node/v6.0.0/bin/node',
1 verbose cli   '/usr/local/opt/nvm/versions/node/v6.0.0/bin/npm',
1 verbose cli   'run',
1 verbose cli   'dev-server' ]
2 info using npm@3.8.6
3 info using node@v6.0.0
4 verbose run-script [ 'predev-server', 'dev-server', 'postdev-server' ]
5 info lifecycle codelab@1.0.0~predev-server: codelab@1.0.0
6 silly lifecycle codelab@1.0.0~predev-server: no script for predev-server, continuing
7 info lifecycle codelab@1.0.0~dev-server: codelab@1.0.0
8 verbose lifecycle codelab@1.0.0~dev-server: unsafe-perm in lifecycle true
9 verbose lifecycle codelab@1.0.0~dev-server: PATH: /usr/local/opt/nvm/versions/node/v6.0.0/lib/node_modules/npm/bin/node-gyp-bin:/home/nitrous/code/saysomething/client/node_modules/.bin:/usr/local/opt/nvm/versions/node/v6.0.0/bin:/usr/local/opt/nvm/versions/node/v6.0.0/bin:/usr/local/sbin:/usr/local/bin:/usr/sbin:/usr/bin:/sbin:/bin:/usr/games:/usr/local/games
10 verbose lifecycle codelab@1.0.0~dev-server: CWD: /home/nitrous/code/saysomething/client
11 silly lifecycle codelab@1.0.0~dev-server: Args: [ '-c', 'webpack-dev-server' ]
12 silly lifecycle codelab@1.0.0~dev-server: Returned: code: 137  signal: null
13 info lifecycle codelab@1.0.0~dev-server: Failed to exec dev-server script
14 verbose stack Error: codelab@1.0.0 dev-server: `webpack-dev-server`
14 verbose stack Exit status 137
14 verbose stack     at EventEmitter.<anonymous> (/usr/local/opt/nvm/versions/node/v6.0.0/lib/node_modules/npm/lib/utils/lifecycle.js:239:16)
14 verbose stack     at emitTwo (events.js:106:13)
14 verbose stack     at EventEmitter.emit (events.js:191:7)
14 verbose stack     at ChildProcess.<anonymous> (/usr/local/opt/nvm/versions/node/v6.0.0/lib/node_modules/npm/lib/utils/spawn.js:24:14)
14 verbose stack     at emitTwo (events.js:106:13)
14 verbose stack     at ChildProcess.emit (events.js:191:7)
14 verbose stack     at maybeClose (internal/child_process.js:850:16)
14 verbose stack     at Process.ChildProcess._handle.onexit (internal/child_process.js:215:5)
15 verbose pkgid codelab@1.0.0
16 verbose cwd /home/nitrous/code/saysomething/client
17 error Linux 4.2.0-36-generic
18 error argv "/usr/local/opt/nvm/versions/node/v6.0.0/bin/node" "/usr/local/opt/nvm/versions/node/v6.0.0/bin/npm" "run" "dev-server"
19 error node v6.0.0
20 error npm  v3.8.6
21 error code ELIFECYCLE
22 error codelab@1.0.0 dev-server: `webpack-dev-server`
22 error Exit status 137
23 error Failed at the codelab@1.0.0 dev-server script 'webpack-dev-server'.
23 error Make sure you have the latest version of node.js and npm installed.
23 error If you do, this is most likely a problem with the codelab package,
23 error not with npm itself.
23 error Tell the author that this fails on your system:
23 error     webpack-dev-server
23 error You can get information on how to open an issue for this project with:
23 error     npm bugs codelab
23 error Or if that isn't available, you can get their info via:
23 error     npm owner ls codelab
23 error There is likely additional logging output above.
24 verbose exit [ 1, true ]
