0 info it worked if it ends with ok
1 verbose cli [ '/usr/local/opt/nvm/versions/node/v6.0.0/bin/node',
1 verbose cli   '/usr/local/opt/nvm/versions/node/v6.0.0/bin/npm',
1 verbose cli   'ru',
1 verbose cli   'ndev' ]
2 info using npm@3.8.6
3 info using node@v6.0.0
4 verbose stack Error: missing script: ndev
4 verbose stack     at run (/usr/local/opt/nvm/versions/node/v6.0.0/lib/node_modules/npm/lib/run-script.js:147:19)
4 verbose stack     at /usr/local/opt/nvm/versions/node/v6.0.0/lib/node_modules/npm/lib/run-script.js:57:5
4 verbose stack     at /usr/local/opt/nvm/versions/node/v6.0.0/lib/node_modules/npm/node_modules/read-package-json/read-json.js:345:5
4 verbose stack     at checkBinReferences_ (/usr/local/opt/nvm/versions/node/v6.0.0/lib/node_modules/npm/node_modules/read-package-json/read-json.js:309:45)
4 verbose stack     at final (/usr/local/opt/nvm/versions/node/v6.0.0/lib/node_modules/npm/node_modules/read-package-json/read-json.js:343:3)
4 verbose stack     at then (/usr/local/opt/nvm/versions/node/v6.0.0/lib/node_modules/npm/node_modules/read-package-json/read-json.js:113:5)
4 verbose stack     at ReadFileContext.<anonymous> (/usr/local/opt/nvm/versions/node/v6.0.0/lib/node_modules/npm/node_modules/read-package-json/read-json.js:284:20)
4 verbose stack     at ReadFileContext.callback (/usr/local/opt/nvm/versions/node/v6.0.0/lib/node_modules/npm/node_modules/graceful-fs/graceful-fs.js:78:16)
4 verbose stack     at FSReqWrap.readFileAfterOpen [as oncomplete] (fs.js:359:13)
5 verbose cwd /home/nitrous/code/saysomething/server
6 error Linux 4.2.0-36-generic
7 error argv "/usr/local/opt/nvm/versions/node/v6.0.0/bin/node" "/usr/local/opt/nvm/versions/node/v6.0.0/bin/npm" "ru" "ndev"
8 error node v6.0.0
9 error npm  v3.8.6
10 error missing script: ndev
11 error If you need help, you may report this error at:
11 error     <https://github.com/npm/npm/issues>
12 verbose exit [ 1, true ]
